# JRE version: OpenJDK Runtime Environment (15.0.1+9) (build 15.0.1+9-18)
# Java VM: OpenJDK 64-Bit Server VM (15.0.1+9-18, mixed mode, sharing, tiered, compressed oops, g1 gc, windows-amd64)
GC Precious Log:
 CPUs: 4 total, 4 available
 Memory: 8155M
 Large Page Support: Disabled
 NUMA Support: Disabled
 Compressed Oops: Enabled (32-bit)
 Heap Region Size: 1M
 Heap Min Capacity: 8M
 Heap Initial Capacity: 128M
 Heap Max Capacity: 2040M
 Pre-touch: Disabled
 Parallel Workers: 4
 Concurrent Workers: 1
 Concurrent Refinement Workers: 4
 Periodic GC: Disabled
Heap:
 garbage-first heap   total 131072K, used 26222K [0x0000000080800000, 0x0000000100000000)
  region size 1024K, 17 young (17408K), 4 survivors (4096K)
 Metaspace       used 16284K, capacity 16871K, committed 17024K, reserved 1064960K
  class space    used 1700K, capacity 1877K, committed 1920K, reserved 1048576K
GC Heap History (8 events):
Event: 0.652 GC heap before
{Heap before GC invocations=0 (full 0):
 garbage-first heap   total 131072K, used 12288K [0x0000000080800000, 0x0000000100000000)
  region size 1024K, 13 young (13312K), 0 survivors (0K)
 Metaspace       used 4168K, capacity 6443K, committed 6528K, reserved 1056768K
  class space    used 426K, capacity 637K, committed 640K, reserved 1048576K
}
Event: 0.656 GC heap after
{Heap after GC invocations=1 (full 0):
 garbage-first heap   total 131072K, used 3342K [0x0000000080800000, 0x0000000100000000)
  region size 1024K, 2 young (2048K), 2 survivors (2048K)
 Metaspace       used 4168K, capacity 6443K, committed 6528K, reserved 1056768K
  class space    used 426K, capacity 637K, committed 640K, reserved 1048576K
}
Event: 0.853 GC heap before
{Heap before GC invocations=1 (full 0):
 garbage-first heap   total 131072K, used 17678K [0x0000000080800000, 0x0000000100000000)
  region size 1024K, 16 young (16384K), 2 survivors (2048K)
 Metaspace       used 6104K, capacity 7886K, committed 8064K, reserved 1056768K
  class space    used 704K, capacity 862K, committed 896K, reserved 1048576K
}
Event: 0.856 GC heap after
{Heap after GC invocations=2 (full 0):
 garbage-first heap   total 131072K, used 4215K [0x0000000080800000, 0x0000000100000000)
  region size 1024K, 1 young (1024K), 1 survivors (1024K)
 Metaspace       used 6104K, capacity 7886K, committed 8064K, reserved 1056768K
  class space    used 704K, capacity 862K, committed 896K, reserved 1048576K
}
Event: 2.442 GC heap before
{Heap before GC invocations=2 (full 0):
 garbage-first heap   total 131072K, used 81015K [0x0000000080800000, 0x0000000100000000)
  region size 1024K, 76 young (77824K), 1 survivors (1024K)
 Metaspace       used 14103K, capacity 14797K, committed 15104K, reserved 1062912K
  class space    used 1554K, capacity 1695K, committed 1792K, reserved 1048576K
}
Event: 2.451 GC heap after
{Heap after GC invocations=3 (full 0):
 garbage-first heap   total 131072K, used 10367K [0x0000000080800000, 0x0000000100000000)
  region size 1024K, 7 young (7168K), 7 survivors (7168K)
 Metaspace       used 14103K, capacity 14797K, committed 15104K, reserved 1062912K
  class space    used 1554K, capacity 1695K, committed 1792K, reserved 1048576K
}
Event: 3.833 GC heap before
{Heap before GC invocations=3 (full 0):
 garbage-first heap   total 131072K, used 81023K [0x0000000080800000, 0x0000000100000000)
  region size 1024K, 76 young (77824K), 7 survivors (7168K)
 Metaspace       used 16197K, capacity 16797K, committed 17024K, reserved 1064960K
  class space    used 1698K, capacity 1874K, committed 1920K, reserved 1048576K
}
Event: 3.842 GC heap after
{Heap after GC invocations=4 (full 0):
 garbage-first heap   total 131072K, used 13934K [0x0000000080800000, 0x0000000100000000)
  region size 1024K, 4 young (4096K), 4 survivors (4096K)
 Metaspace       used 16197K, capacity 16797K, committed 17024K, reserved 1064960K
  class space    used 1698K, capacity 1874K, committed 1920K, reserved 1048576K
}

